# JRE version: OpenJDK Runtime Environment (11.0.2+7) (build 11.0.2+7)
# Java VM: OpenJDK 64-Bit Server VM (11.0.2+7, mixed mode, tiered, compressed oops, g1 gc, linux-amd64)
Heap:
 garbage-first heap   total 270336K, used 14225K [0x00000000e0000000, 0x0000000100000000)
  region size 1024K, 1 young (1024K), 1 survivors (1024K)
 Metaspace       used 30461K, capacity 30954K, committed 31536K, reserved 1077248K
  class space    used 3237K, capacity 3394K, committed 3456K, reserved 1048576K
GC Heap History (10 events):
Event: 158,221 GC heap after
{Heap after GC invocations=21 (full 0):
 garbage-first heap   total 111616K, used 13023K [0x00000000e0000000, 0x0000000100000000)
  region size 1024K, 1 young (1024K), 1 survivors (1024K)
 Metaspace       used 29852K, capacity 30266K, committed 30768K, reserved 1077248K
  class space    used 3206K, capacity 3354K, committed 3456K, reserved 1048576K
}
Event: 164,297 GC heap before
{Heap before GC invocations=21 (full 0):
 garbage-first heap   total 111616K, used 18143K [0x00000000e0000000, 0x0000000100000000)
  region size 1024K, 6 young (6144K), 1 survivors (1024K)
 Metaspace       used 29944K, capacity 30394K, committed 31024K, reserved 1077248K
  class space    used 3207K, capacity 3354K, committed 3456K, reserved 1048576K
}
Event: 164,875 GC heap after
{Heap after GC invocations=22 (full 0):
 garbage-first heap   total 111616K, used 13322K [0x00000000e0000000, 0x0000000100000000)
  region size 1024K, 1 young (1024K), 1 survivors (1024K)
 Metaspace       used 29944K, capacity 30394K, committed 31024K, reserved 1077248K
  class space    used 3207K, capacity 3354K, committed 3456K, reserved 1048576K
}
Event: 204,421 GC heap before
{Heap before GC invocations=22 (full 0):
 garbage-first heap   total 111616K, used 22538K [0x00000000e0000000, 0x0000000100000000)
  region size 1024K, 10 young (10240K), 1 survivors (1024K)
 Metaspace       used 30377K, capacity 30890K, committed 31536K, reserved 1077248K
  class space    used 3237K, capacity 3394K, committed 3456K, reserved 1048576K
}
Event: 210,723 GC heap after
{Heap after GC invocations=23 (full 0):
 garbage-first heap   total 111616K, used 13862K [0x00000000e0000000, 0x0000000100000000)
  region size 1024K, 2 young (2048K), 2 survivors (2048K)
 Metaspace       used 30377K, capacity 30890K, committed 31536K, reserved 1077248K
  class space    used 3237K, capacity 3394K, committed 3456K, reserved 1048576K
}
Event: 219,050 GC heap before
{Heap before GC invocations=23 (full 0):
 garbage-first heap   total 111616K, used 16934K [0x00000000e0000000, 0x0000000100000000)
  region size 1024K, 5 young (5120K), 2 survivors (2048K)
 Metaspace       used 30380K, capacity 30890K, committed 31536K, reserved 1077248K
  class space    used 3237K, capacity 3394K, committed 3456K, reserved 1048576K
}
Event: 222,643 GC heap after
{Heap after GC invocations=24 (full 0):
 garbage-first heap   total 111616K, used 14042K [0x00000000e0000000, 0x0000000100000000)
  region size 1024K, 1 young (1024K), 1 survivors (1024K)
 Metaspace       used 30380K, capacity 30890K, committed 31536K, reserved 1077248K
  class space    used 3237K, capacity 3394K, committed 3456K, reserved 1048576K
}
Event: 241,560 GC heap before
{Heap before GC invocations=24 (full 0):
 garbage-first heap   total 111616K, used 18138K [0x00000000e0000000, 0x0000000100000000)
  region size 1024K, 5 young (5120K), 1 survivors (1024K)
 Metaspace       used 30407K, capacity 30890K, committed 31536K, reserved 1077248K
  class space    used 3237K, capacity 3394K, committed 3456K, reserved 1048576K
}
Event: 247,887 GC heap after
{Heap after GC invocations=25 (full 0):
 garbage-first heap   total 111616K, used 14047K [0x00000000e0000000, 0x0000000100000000)
  region size 1024K, 1 young (1024K), 1 survivors (1024K)
 Metaspace       used 30407K, capacity 30890K, committed 31536K, reserved 1077248K
  class space    used 3237K, capacity 3394K, committed 3456K, reserved 1048576K
}
Event: 264,862 GC heap before
{Heap before GC invocations=25 (full 0):
 garbage-first heap   total 111616K, used 18143K [0x00000000e0000000, 0x0000000100000000)
  region size 1024K, 5 young (5120K), 1 survivors (1024K)
 Metaspace       used 30461K, capacity 30954K, committed 31536K, reserved 1077248K
  class space    used 3237K, capacity 3394K, committed 3456K, reserved 1048576K
}

